<?xml version="1.0" encoding="UTF-8"?>
<!-- Generated by org.testng.reporters.JUnitReportReporter -->
<testsuite hostname="DESKTOP-FVDBJED" failures="0" tests="3" name="AutomationSessions.TestNgDemo.Group_demo" time="0.017" errors="0" timestamp="2022-05-11T17:54:36 IST" skipped="0">
  <testcase classname="AutomationSessions.TestNgDemo.Group_demo" name="logOut" time="0.011"/>
  <system-out/>
  <testcase classname="AutomationSessions.TestNgDemo.Group_demo" name="signIn" time="0.001"/>
  <system-out/>
  <testcase classname="AutomationSessions.TestNgDemo.Group_demo" name="openBrowser" time="0.005"/>
  <system-out/>
</testsuite> <!-- AutomationSessions.TestNgDemo.Group_demo -->
