<?xml version="1.0" encoding="UTF-8"?>
<!-- Generated by org.testng.reporters.JUnitReportReporter -->
<testsuite hostname="DESKTOP-FVDBJED" failures="0" tests="3" name="AutomationSessions.TestNgDemo.Priority_demo" time="0.017" errors="0" timestamp="2022-05-11T18:06:54 IST" skipped="0">
  <testcase classname="AutomationSessions.TestNgDemo.Priority_demo" name="test2" time="0.004"/>
  <system-out/>
  <testcase classname="AutomationSessions.TestNgDemo.Priority_demo" name="Atest3" time="0.009"/>
  <system-out/>
  <testcase classname="AutomationSessions.TestNgDemo.Priority_demo" name="test1" time="0.004"/>
  <system-out/>
</testsuite> <!-- AutomationSessions.TestNgDemo.Priority_demo -->
