<?xml version="1.0" encoding="UTF-8"?>
<!-- Generated by org.testng.reporters.JUnitReportReporter -->
<testsuite hostname="DESKTOP-FVDBJED" failures="0" tests="3" name="AutomationSessions.TestNgDemo.DependsOnMethod" time="0.012" errors="0" timestamp="2022-05-11T17:52:31 IST" skipped="0">
  <testcase classname="AutomationSessions.TestNgDemo.DependsOnMethod" name="logOut" time="0.001"/>
  <system-out/>
  <testcase classname="AutomationSessions.TestNgDemo.DependsOnMethod" name="signIn" time="0.002"/>
  <system-out/>
  <testcase classname="AutomationSessions.TestNgDemo.DependsOnMethod" name="openBrowser" time="0.009"/>
  <system-out/>
</testsuite> <!-- AutomationSessions.TestNgDemo.DependsOnMethod -->
