<?xml version="1.0" encoding="UTF-8"?>
<!-- Generated by org.testng.reporters.JUnitReportReporter -->
<testsuite hostname="DESKTOP-FVDBJED" failures="0" tests="6" name="AutomationSessions.TestNgDemo.DependsOnGroups_demo" time="0.021" errors="0" timestamp="2022-05-11T12:26:28 IST" skipped="0">
  <testcase classname="AutomationSessions.TestNgDemo.DependsOnGroups_demo" name="AB" time="0.002"/>
  <system-out/>
  <testcase classname="AutomationSessions.TestNgDemo.DependsOnGroups_demo" name="openBrowser" time="0.003"/>
  <system-out/>
  <testcase classname="AutomationSessions.TestNgDemo.DependsOnGroups_demo" name="Signin" time="0.010"/>
  <system-out/>
  <testcase classname="AutomationSessions.TestNgDemo.DependsOnGroups_demo" name="AC" time="0.003"/>
  <system-out/>
  <testcase classname="AutomationSessions.TestNgDemo.DependsOnGroups_demo" name="logOut" time="0.001"/>
  <system-out/>
  <testcase classname="AutomationSessions.TestNgDemo.DependsOnGroups_demo" name="AA" time="0.002"/>
  <system-out/>
</testsuite> <!-- AutomationSessions.TestNgDemo.DependsOnGroups_demo -->
