<?xml version="1.0" encoding="UTF-8"?>
<!-- Generated by org.testng.reporters.JUnitReportReporter -->
<testsuite hostname="DESKTOP-FVDBJED" failures="0" tests="1" name="AutomationSessions.TestNgDemo.DataProvider_Sample" time="0.013" errors="0" timestamp="2022-05-11T15:09:03 IST" skipped="0">
  <testcase classname="AutomationSessions.TestNgDemo.DataProvider_Sample" name="firstTestcase" time="0.013"/>
  <system-out/>
</testsuite> <!-- AutomationSessions.TestNgDemo.DataProvider_Sample -->
