<?xml version="1.0" encoding="UTF-8"?>
<!-- Generated by org.testng.reporters.JUnitReportReporter -->
<testsuite hostname="DESKTOP-FVDBJED" failures="0" tests="12" name="AutomationSessions.TestNgDemo.Invocation_count_demo" time="0.053" errors="0" timestamp="2022-05-11T18:10:42 IST" skipped="0">
  <testcase classname="AutomationSessions.TestNgDemo.Invocation_count_demo" name="test2" time="0.004"/>
  <system-out/>
  <testcase classname="AutomationSessions.TestNgDemo.Invocation_count_demo" name="test2" time="0.002"/>
  <system-out/>
  <testcase classname="AutomationSessions.TestNgDemo.Invocation_count_demo" name="test3" time="0.005"/>
  <system-out/>
  <testcase classname="AutomationSessions.TestNgDemo.Invocation_count_demo" name="test2" time="0.004"/>
  <system-out/>
  <testcase classname="AutomationSessions.TestNgDemo.Invocation_count_demo" name="test2" time="0.007"/>
  <system-out/>
  <testcase classname="AutomationSessions.TestNgDemo.Invocation_count_demo" name="test2" time="0.004"/>
  <system-out/>
  <testcase classname="AutomationSessions.TestNgDemo.Invocation_count_demo" name="test2" time="0.004"/>
  <system-out/>
  <testcase classname="AutomationSessions.TestNgDemo.Invocation_count_demo" name="test1" time="0.009"/>
  <system-out/>
  <testcase classname="AutomationSessions.TestNgDemo.Invocation_count_demo" name="test2" time="0.004"/>
  <system-out/>
  <testcase classname="AutomationSessions.TestNgDemo.Invocation_count_demo" name="test2" time="0.002"/>
  <system-out/>
  <testcase classname="AutomationSessions.TestNgDemo.Invocation_count_demo" name="test2" time="0.005"/>
  <system-out/>
  <testcase classname="AutomationSessions.TestNgDemo.Invocation_count_demo" name="test2" time="0.003"/>
  <system-out/>
</testsuite> <!-- AutomationSessions.TestNgDemo.Invocation_count_demo -->
