<?xml version="1.0" encoding="UTF-8"?>
<!-- Generated by org.testng.reporters.JUnitReportReporter -->
<testsuite hostname="DESKTOP-FVDBJED" failures="0" tests="1" name="AutomationSessions.TestNgDemo.Printing_Particular_cellvalue" time="13.509" errors="0" timestamp="2022-05-11T18:44:43 IST" skipped="0">
  <testcase classname="AutomationSessions.TestNgDemo.Printing_Particular_cellvalue" name="launch_browser" time="13.509"/>
  <system-out/>
</testsuite> <!-- AutomationSessions.TestNgDemo.Printing_Particular_cellvalue -->
